Experiment directory and log file created. Beginning experiment AS1_abbrev_stenosed_8.3.23...  
Getting clinical target values... 
RCR BCs converted to R, Pd = None
Optimizing preop outlet resistance... 
<<<<<<< Updated upstream
0D optimizationoptimization completed! 
     Optimization solution: [558.3583541  728.71016867]
     Objective function value: 2.427467011328184e-09
     Number of iterations: 55
Outlet resistances optimized! [558.3583541  728.71016867]
** building tree for resistance: 558.3583541003588 ** 
     the optimized radius is [0.1810673]     the number of vessels is 859
** building tree for resistance: 728.7101686746107 ** 
     the optimized radius is [0.16518121]     the number of vessels is 649
     LPA and RPA branches identified: [1, 4]** repairing all stenoses ** 
     vessel 0 has been repaired 
     vessel 1 has been repaired 
     vessel 2 has been repaired 
     vessel 3 has been repaired 
     vessel 4 has been repaired 
Writing result to file... 
** RESULT COMPARISON ** 
     preop outlet flowrates: [50.59604926927049, 46.70395073072862]
     pre-adaptation outlet flowrates: [51.42403856973273, 45.87596143026651]
     post-adaptation outlet flowrates: [52.27831593288325, 45.02168406711582]
 
Simulation completed!     LPA and RPA branches identified: [1, 4]** repairing all stenoses ** 
     vessel 0 has been repaired 
     vessel 1 has been repaired 
     vessel 2 has been repaired 
     vessel 3 has been repaired 
     vessel 4 has been repaired 
Writing result to file... 
** RESULT COMPARISON ** 
     preop outlet flowrates: [50.59604926927049, 46.70395073072862]
     pre-adaptation outlet flowrates: [53.463103359188125, 43.83689664081031]
     post-adaptation outlet flowrates: [55.17295907193443, 42.12704092806077]
 
Simulation completed!
=======
>>>>>>> Stashed changes
