Getting clinical target values... 
RCR BCs converted to R, Pd = None
Optimizing preop outlet resistance... 
Outlet resistances optimized! [572.57832733 171.88607516]
** building tree for resistance: 572.5783273271281 ** 
     the optimized radius is [0.2709433]     the number of vessels is 31
** building tree for resistance: 171.8860751591582 ** 
     the optimized radius is [0.46766671]     the number of vessels is 63
** repairing all stenoses ** 
     vessel 1 has been repaired 
     vessel 2 has been repaired 
     vessel 3 has been repaired 
     vessel 4 has been repaired 
     vessel 5 has been repaired 
     vessel 6 has been repaired 
Writing result to file... 
** RESULT COMPARISON ** 
     preop outlet flowrates: [50.59599913949437, 46.70400086050566]
     pre-adaptation outlet flowrates: [32.75508920698241, 64.54491079301768]
     post-adaptation outlet flowrates: [22.54896004098892, 74.7510399590112]
 
Simulation completed!