beginning experiment LPA_RPA_cwss_adapt_9.8.23
** building tree for resistance: 572.5576665136075 **
     Resistance after optimization is 572.5507836095538

     the optimized radius is 0.12246471128392962

     the number of vessels is 279
** building tree for resistance: 171.85585463692246 **
     Resistance after optimization is 171.85163299171757

     the optimized radius is 0.19444187153057396

     the number of vessels is 975
making repair according to repair config: {'location': 'proximal', 'degree': [0.9, 0.9]}
** repairing stenoses in vessels [] **
     vessel 1 has been repaired
     vessel 2 has been repaired
     vessel 3 has been repaired
     vessel 4 has been repaired
     vessel 5 has been repaired
     vessel 6 has been repaired
all stenosis repairs completed
** adapting trees based on constant wall shear stress assumption **
** adaptation results for OutletTree3 **
    R_new = 774.4513047699617, R_old = 572.5507836095538
    The change in resistance is 201.90052116040783
** adaptation results for OutletTree6 **
    R_new = 143.63831173424714, R_old = 171.85163299171757
    The change in resistance is -28.213321257470426
